{
  "magic" : 809913427,
  "root" : {
    "commandDetailDesc" : "",
    "isQuiet" : 0,
    "localizedResultString" : "",
    "location" : {

    },
    "messages" : [

    ],
    "recorder" : "com.apple.dt.unit.cocoaUnitTest",
    "sectionType" : 0,
    "signature" : "Test iOSResultBundleApp",
    "subsections" : [
      {
        "commandDetailDesc" : "",
        "durationString" : "",
        "isQuiet" : 0,
        "localizedResultString" : "",
        "location" : {

        },
        "messages" : [

        ],
        "performanceTestOutputString" : "",
        "recorder" : "com.apple.dt.unit.cocoaUnitTest",
        "sectionType" : 1,
        "signature" : "Test target iOSResultBundleAppTests",
        "subsections" : [
          {
            "commandDetailDesc" : "",
            "durationString" : "0.305 seconds",
            "isQuiet" : 0,
            "localizedResultString" : "",
            "location" : {

            },
            "messages" : [

            ],
            "performanceTestOutputString" : "",
            "recorder" : "com.apple.dt.IDE.UnitTestLogSection.Worker",
            "sectionType" : 3,
            "signature" : "",
            "subsections" : [
              {
                "commandDetailDesc" : "",
                "durationString" : "",
                "isQuiet" : 1,
                "localizedResultString" : "",
                "location" : {

                },
                "messages" : [
                  {
                    "additionalDescription" : "",
                    "categoryIdent" : "",
                    "location" : {

                    },
                    "rangeInSectionText" : [
                      -1,
                      0
                    ],
                    "secondaryLocations" : [

                    ],
                    "severity" : 0,
                    "shortTitle" : "",
                    "submessages" : [

                    ],
                    "timeEmitted" : 575764680,
                    "title" : "\/Users\/rd\/Library\/Developer\/Xcode\/DerivedData\/iOSResultBundleApp-ggobyhqubnhyktagaiqqigfarezn\/Build\/Products\/Debug-iphonesimulator\/iOSResultBundleApp.app",
                    "type" : "com.apple.dt.IDE.UnitTestLogSection.Worker.RunnablePath"
                  },
                  {
                    "additionalDescription" : "",
                    "categoryIdent" : "",
                    "location" : {

                    },
                    "rangeInSectionText" : [
                      -1,
                      0
                    ],
                    "secondaryLocations" : [

                    ],
                    "severity" : 0,
                    "shortTitle" : "",
                    "submessages" : [

                    ],
                    "timeEmitted" : 575764680,
                    "title" : "com.apple.application-bundle",
                    "type" : "com.apple.dt.IDE.UnitTestLogSection.Worker.RunnableUTI"
                  }
                ],
                "performanceTestOutputString" : "",
                "recorder" : "com.apple.dt.IDE.UnitTestLogSection",
                "sectionType" : 3,
                "signature" : "com.apple.dt.XCTest.Metadata",
                "subsections" : [

                ],
                "subtitle" : "",
                "suiteName" : "",
                "summaryString" : "",
                "testName" : "",
                "testsPassedString" : "",
                "text" : "",
                "timeStartedRecording" : 575764680.77747905,
                "timeStoppedRecording" : 575764680.77870202,
                "title" : "com.apple.dt.XCTest.Metadata",
                "uniqueIdentifier" : "7F6F65A3-E949-4572-A37D-CFA83CE7BF21",
                "wasCancelled" : 0,
                "wasFetchedFromCache" : 0,
                "xcbuildSignature" : ""
              },
              {
                "commandDetailDesc" : "\/Users\/rd\/r\/XcodeResultBundle\/iOSResultBundleApp\/CleanAnalyzeTest.result\/3_Test\/Diagnostics\/iOSResultBundleAppTests-4493D975-518B-491C-91AA-6E48C4C68169\/iOSResultBundleAppTests-A59FA5EA-F89C-4D01-877F-30C229D45ACA\/Session-iOSResultBundleAppTests-2019-03-31_233800-bpQxbw.log",
                "isQuiet" : 0,
                "localizedResultString" : "",
                "location" : {

                },
                "messages" : [
                  {
                    "additionalDescription" : "",
                    "categoryIdent" : "",
                    "location" : {
                      "characterRange" : [
                        -1,
                        0
                      ],
                      "documentURLString" : "file:\/\/\/Users\/rd\/r\/XcodeResultBundle\/iOSResultBundleApp\/CleanAnalyzeTest.result\/3_Test\/Diagnostics\/iOSResultBundleAppTests-4493D975-518B-491C-91AA-6E48C4C68169\/iOSResultBundleAppTests-A59FA5EA-F89C-4D01-877F-30C229D45ACA\/Session-iOSResultBundleAppTests-2019-03-31_233800-bpQxbw.log",
                      "endingColumnNumber" : -1,
                      "endingLineNumber" : -1,
                      "locationEncoding" : 0,
                      "startingColumnNumber" : -1,
                      "startingLineNumber" : -1,
                      "timestamp" : 0
                    },
                    "rangeInSectionText" : [
                      -1,
                      0
                    ],
                    "secondaryLocations" : [

                    ],
                    "severity" : 0,
                    "shortTitle" : "",
                    "submessages" : [

                    ],
                    "timeEmitted" : 575764680,
                    "title" : "\/Users\/rd\/r\/XcodeResultBundle\/iOSResultBundleApp\/CleanAnalyzeTest.result\/3_Test\/Diagnostics\/iOSResultBundleAppTests-4493D975-518B-491C-91AA-6E48C4C68169\/iOSResultBundleAppTests-A59FA5EA-F89C-4D01-877F-30C229D45ACA\/Session-iOSResultBundleAppTests-2019-03-31_233800-bpQxbw.log",
                    "type" : "com.apple.dt.unit.cocoaUnitTest"
                  }
                ],
                "recorder" : "com.apple.dt.IDE.UnitTestLogSection",
                "sectionType" : 2,
                "signature" : "Writing diagnostic log for test session. Please attach this log to any test-related bug reports.",
                "subsections" : [

                ],
                "subtitle" : "",
                "text" : "",
                "timeStartedRecording" : 575764680.77753997,
                "timeStoppedRecording" : 575764680.77885306,
                "title" : "Writing diagnostic log for test session. Please attach this log to any test-related bug reports.",
                "uniqueIdentifier" : "0DF6E0C3-822D-4E84-9972-A8613DDA18DE",
                "wasCancelled" : 0,
                "wasFetchedFromCache" : 0,
                "xcbuildSignature" : ""
              },
              {
                "commandDetailDesc" : "",
                "durationString" : "0.305 seconds",
                "isQuiet" : 0,
                "localizedResultString" : "",
                "location" : {

                },
                "messages" : [

                ],
                "performanceTestOutputString" : "",
                "recorder" : "com.apple.dt.IDE.UnitTestLogSection",
                "sectionType" : 3,
                "signature" : "Run test suite All tests",
                "subsections" : [
                  {
                    "commandDetailDesc" : "",
                    "durationString" : "0.305 seconds",
                    "isQuiet" : 0,
                    "localizedResultString" : "",
                    "location" : {

                    },
                    "messages" : [

                    ],
                    "performanceTestOutputString" : "",
                    "recorder" : "com.apple.dt.IDE.UnitTestLogSection",
                    "sectionType" : 3,
                    "signature" : "Run test suite iOSResultBundleAppTests.xctest",
                    "subsections" : [
                      {
                        "commandDetailDesc" : "",
                        "durationString" : "0.305 seconds",
                        "isQuiet" : 0,
                        "localizedResultString" : "",
                        "location" : {

                        },
                        "messages" : [

                        ],
                        "performanceTestOutputString" : "",
                        "recorder" : "com.apple.dt.IDE.UnitTestLogSection",
                        "sectionType" : 3,
                        "signature" : "Run test suite iOSResultBundleAppTests",
                        "subsections" : [
                          {
                            "commandDetailDesc" : "",
                            "durationString" : "0.009 seconds",
                            "isQuiet" : 0,
                            "localizedResultString" : "",
                            "location" : {

                            },
                            "messages" : [
                              {
                                "additionalDescription" : "",
                                "categoryIdent" : "",
                                "location" : {
                                  "characterRange" : [
                                    -1,
                                    0
                                  ],
                                  "documentURLString" : "file:\/\/\/Users\/rd\/r\/XcodeResultBundle\/iOSResultBundleApp\/iOSResultBundleAppTests\/iOSResultBundleAppTests.swift",
                                  "endingColumnNumber" : -1,
                                  "endingLineNumber" : 30,
                                  "locationEncoding" : 0,
                                  "startingColumnNumber" : -1,
                                  "startingLineNumber" : 30,
                                  "timestamp" : 0
                                },
                                "rangeInSectionText" : [
                                  -1,
                                  0
                                ],
                                "secondaryLocations" : [

                                ],
                                "severity" : 3,
                                "shortTitle" : "",
                                "submessages" : [

                                ],
                                "timeEmitted" : 575764684,
                                "title" : "XCTAssertTrue failed",
                                "type" : ""
                              }
                            ],
                            "performanceTestOutputString" : "",
                            "recorder" : "com.apple.dt.IDE.UnitTestLogSection",
                            "sectionType" : 3,
                            "signature" : "Run test case testFail()",
                            "subsections" : [

                            ],
                            "subtitle" : "",
                            "suiteName" : "iOSResultBundleAppTests",
                            "summaryString" : "Test Case '-[iOSResultBundleAppTests.iOSResultBundleAppTests testFail]' failed (0.009 seconds).\r",
                            "testName" : "testFail()",
                            "testsPassedString" : "",
                            "text" : "Test Case '-[iOSResultBundleAppTests.iOSResultBundleAppTests testFail]' started.\r\/Users\/rd\/r\/XcodeResultBundle\/iOSResultBundleApp\/iOSResultBundleAppTests\/iOSResultBundleAppTests.swift:31: error: -[iOSResultBundleAppTests.iOSResultBundleAppTests testFail] : XCTAssertTrue failed\rTest Case '-[iOSResultBundleAppTests.iOSResultBundleAppTests testFail]' failed (0.009 seconds).\r",
                            "timeStartedRecording" : 575764684.22242999,
                            "timeStoppedRecording" : 575764684.225263,
                            "title" : "Run test case testFail()",
                            "uniqueIdentifier" : "EF9B760A-5911-49C0-914F-1A53A108C10C",
                            "wasCancelled" : 0,
                            "wasFetchedFromCache" : 0,
                            "xcbuildSignature" : ""
                          },
                          {
                            "commandDetailDesc" : "",
                            "durationString" : "0.296 seconds",
                            "isQuiet" : 0,
                            "localizedResultString" : "",
                            "location" : {

                            },
                            "messages" : [
                              {
                                "additionalDescription" : "",
                                "categoryIdent" : "",
                                "location" : {

                                },
                                "rangeInSectionText" : [
                                  -1,
                                  0
                                ],
                                "secondaryLocations" : [

                                ],
                                "severity" : 0,
                                "shortTitle" : "",
                                "submessages" : [

                                ],
                                "timeEmitted" : 575764684,
                                "title" : "Time average: 0.000 seconds, relative standard deviation: 112.9%",
                                "type" : "com.apple.dt.unit.cocoaUnitTest"
                              }
                            ],
                            "performanceTestOutputString" : "",
                            "recorder" : "com.apple.dt.IDE.UnitTestLogSection",
                            "sectionType" : 3,
                            "signature" : "Run test case testPerformanceExample()",
                            "subsections" : [

                            ],
                            "subtitle" : "",
                            "suiteName" : "iOSResultBundleAppTests",
                            "summaryString" : "Test Case '-[iOSResultBundleAppTests.iOSResultBundleAppTests testPerformanceExample]' passed (0.296 seconds).\r",
                            "testName" : "testPerformanceExample()",
                            "testsPassedString" : "",
                            "text" : "Test Case '-[iOSResultBundleAppTests.iOSResultBundleAppTests testPerformanceExample]' started.\r\/Users\/rd\/r\/XcodeResultBundle\/iOSResultBundleApp\/iOSResultBundleAppTests\/iOSResultBundleAppTests.swift:36: Test Case '-[iOSResultBundleAppTests.iOSResultBundleAppTests testPerformanceExample]' measured [Time, seconds] average: 0.000, relative standard deviation: 112.855%, values: [0.000003, 0.000001, 0.000001, 0.000000, 0.000000, 0.000000, 0.000000, 0.000000, 0.000000, 0.000000], performanceMetricID:com.apple.XCTPerformanceMetric_WallClockTime, baselineName: \"\", baselineAverage: , maxPercentRegression: 10.000%, maxPercentRelativeStandardDeviation: 10.000%, maxRegression: 0.100, maxStandardDeviation: 0.100\rTest Case '-[iOSResultBundleAppTests.iOSResultBundleAppTests testPerformanceExample]' passed (0.296 seconds).\r",
                            "timeStartedRecording" : 575764684.32339501,
                            "timeStoppedRecording" : 575764684.52116895,
                            "title" : "Run test case testPerformanceExample()",
                            "uniqueIdentifier" : "1045F92F-96E4-4E16-98F8-AFAFF9384253",
                            "wasCancelled" : 0,
                            "wasFetchedFromCache" : 0,
                            "xcbuildSignature" : ""
                          },
                          {
                            "commandDetailDesc" : "",
                            "durationString" : "0.000 seconds",
                            "isQuiet" : 0,
                            "localizedResultString" : "",
                            "location" : {

                            },
                            "messages" : [

                            ],
                            "performanceTestOutputString" : "",
                            "recorder" : "com.apple.dt.IDE.UnitTestLogSection",
                            "sectionType" : 3,
                            "signature" : "Run test case testSuccess()",
                            "subsections" : [

                            ],
                            "subtitle" : "",
                            "suiteName" : "iOSResultBundleAppTests",
                            "summaryString" : "Test Case '-[iOSResultBundleAppTests.iOSResultBundleAppTests testSuccess]' passed (0.000 seconds).\r",
                            "testName" : "testSuccess()",
                            "testsPassedString" : "",
                            "text" : "Test Case '-[iOSResultBundleAppTests.iOSResultBundleAppTests testSuccess]' started.\rTest Case '-[iOSResultBundleAppTests.iOSResultBundleAppTests testSuccess]' passed (0.000 seconds).\r",
                            "timeStartedRecording" : 575764684.51903903,
                            "timeStoppedRecording" : 575764684.52163303,
                            "title" : "Run test case testSuccess()",
                            "uniqueIdentifier" : "C631FF78-D120-410B-A070-C61B3C3B0325",
                            "wasCancelled" : 0,
                            "wasFetchedFromCache" : 0,
                            "xcbuildSignature" : ""
                          }
                        ],
                        "subtitle" : "",
                        "suiteName" : "iOSResultBundleAppTests",
                        "summaryString" : "Test Suite 'iOSResultBundleAppTests' failed at 2019-03-31 23:38:04.518.\r\t Executed 3 tests, with 1 failure (0 unexpected) in 0.305 (0.307) seconds\r",
                        "testName" : "",
                        "testsPassedString" : "2 out of 3 tests passed",
                        "text" : "Test Suite 'iOSResultBundleAppTests' started at 2019-03-31 23:38:04.212\rTest Case '-[iOSResultBundleAppTests.iOSResultBundleAppTests testFail]' started.\r\/Users\/rd\/r\/XcodeResultBundle\/iOSResultBundleApp\/iOSResultBundleAppTests\/iOSResultBundleAppTests.swift:31: error: -[iOSResultBundleAppTests.iOSResultBundleAppTests testFail] : XCTAssertTrue failed\rTest Case '-[iOSResultBundleAppTests.iOSResultBundleAppTests testFail]' failed (0.009 seconds).\rTest Case '-[iOSResultBundleAppTests.iOSResultBundleAppTests testPerformanceExample]' started.\r\/Users\/rd\/r\/XcodeResultBundle\/iOSResultBundleApp\/iOSResultBundleAppTests\/iOSResultBundleAppTests.swift:36: Test Case '-[iOSResultBundleAppTests.iOSResultBundleAppTests testPerformanceExample]' measured [Time, seconds] average: 0.000, relative standard deviation: 112.855%, values: [0.000003, 0.000001, 0.000001, 0.000000, 0.000000, 0.000000, 0.000000, 0.000000, 0.000000, 0.000000], performanceMetricID:com.apple.XCTPerformanceMetric_WallClockTime, baselineName: \"\", baselineAverage: , maxPercentRegression: 10.000%, maxPercentRelativeStandardDeviation: 10.000%, maxRegression: 0.100, maxStandardDeviation: 0.100\rTest Case '-[iOSResultBundleAppTests.iOSResultBundleAppTests testPerformanceExample]' passed (0.296 seconds).\rTest Case '-[iOSResultBundleAppTests.iOSResultBundleAppTests testSuccess]' started.\rTest Case '-[iOSResultBundleAppTests.iOSResultBundleAppTests testSuccess]' passed (0.000 seconds).\rTest Suite 'iOSResultBundleAppTests' failed at 2019-03-31 23:38:04.518.\r\t Executed 3 tests, with 1 failure (0 unexpected) in 0.305 (0.307) seconds\r",
                        "timeStartedRecording" : 575764684.21359503,
                        "timeStoppedRecording" : 575764684.52190101,
                        "title" : "Run test suite iOSResultBundleAppTests",
                        "uniqueIdentifier" : "C979F81D-F97E-4BFE-995C-176156C169B2",
                        "wasCancelled" : 0,
                        "wasFetchedFromCache" : 0,
                        "xcbuildSignature" : ""
                      }
                    ],
                    "subtitle" : "",
                    "suiteName" : "iOSResultBundleAppTests.xctest",
                    "summaryString" : "Test Suite 'iOSResultBundleAppTests.xctest' failed at 2019-03-31 23:38:04.519.\r\t Executed 3 tests, with 1 failure (0 unexpected) in 0.305 (0.308) seconds\r",
                    "testName" : "",
                    "testsPassedString" : "2 out of 3 tests passed",
                    "text" : "Test Suite 'iOSResultBundleAppTests.xctest' started at 2019-03-31 23:38:04.211\rTest Suite 'iOSResultBundleAppTests' started at 2019-03-31 23:38:04.212\rTest Case '-[iOSResultBundleAppTests.iOSResultBundleAppTests testFail]' started.\r\/Users\/rd\/r\/XcodeResultBundle\/iOSResultBundleApp\/iOSResultBundleAppTests\/iOSResultBundleAppTests.swift:31: error: -[iOSResultBundleAppTests.iOSResultBundleAppTests testFail] : XCTAssertTrue failed\rTest Case '-[iOSResultBundleAppTests.iOSResultBundleAppTests testFail]' failed (0.009 seconds).\rTest Case '-[iOSResultBundleAppTests.iOSResultBundleAppTests testPerformanceExample]' started.\r\/Users\/rd\/r\/XcodeResultBundle\/iOSResultBundleApp\/iOSResultBundleAppTests\/iOSResultBundleAppTests.swift:36: Test Case '-[iOSResultBundleAppTests.iOSResultBundleAppTests testPerformanceExample]' measured [Time, seconds] average: 0.000, relative standard deviation: 112.855%, values: [0.000003, 0.000001, 0.000001, 0.000000, 0.000000, 0.000000, 0.000000, 0.000000, 0.000000, 0.000000], performanceMetricID:com.apple.XCTPerformanceMetric_WallClockTime, baselineName: \"\", baselineAverage: , maxPercentRegression: 10.000%, maxPercentRelativeStandardDeviation: 10.000%, maxRegression: 0.100, maxStandardDeviation: 0.100\rTest Case '-[iOSResultBundleAppTests.iOSResultBundleAppTests testPerformanceExample]' passed (0.296 seconds).\rTest Case '-[iOSResultBundleAppTests.iOSResultBundleAppTests testSuccess]' started.\rTest Case '-[iOSResultBundleAppTests.iOSResultBundleAppTests testSuccess]' passed (0.000 seconds).\rTest Suite 'iOSResultBundleAppTests' failed at 2019-03-31 23:38:04.518.\r\t Executed 3 tests, with 1 failure (0 unexpected) in 0.305 (0.307) seconds\rTest Suite 'iOSResultBundleAppTests.xctest' failed at 2019-03-31 23:38:04.519.\r\t Executed 3 tests, with 1 failure (0 unexpected) in 0.305 (0.308) seconds\r",
                    "timeStartedRecording" : 575764684.21342397,
                    "timeStoppedRecording" : 575764684.52209103,
                    "title" : "Run test suite iOSResultBundleAppTests.xctest",
                    "uniqueIdentifier" : "B95F53F7-4B24-4604-9F2C-E1123F789C54",
                    "wasCancelled" : 0,
                    "wasFetchedFromCache" : 0,
                    "xcbuildSignature" : ""
                  }
                ],
                "subtitle" : "",
                "suiteName" : "All tests",
                "summaryString" : "Test Suite 'All tests' failed at 2019-03-31 23:38:04.519.\r\t Executed 3 tests, with 1 failure (0 unexpected) in 0.305 (0.309) seconds\r",
                "testName" : "",
                "testsPassedString" : "2 out of 3 tests passed",
                "text" : "Test Suite 'All tests' started at 2019-03-31 23:38:04.211\rTest Suite 'iOSResultBundleAppTests.xctest' started at 2019-03-31 23:38:04.211\rTest Suite 'iOSResultBundleAppTests' started at 2019-03-31 23:38:04.212\rTest Case '-[iOSResultBundleAppTests.iOSResultBundleAppTests testFail]' started.\r\/Users\/rd\/r\/XcodeResultBundle\/iOSResultBundleApp\/iOSResultBundleAppTests\/iOSResultBundleAppTests.swift:31: error: -[iOSResultBundleAppTests.iOSResultBundleAppTests testFail] : XCTAssertTrue failed\rTest Case '-[iOSResultBundleAppTests.iOSResultBundleAppTests testFail]' failed (0.009 seconds).\rTest Case '-[iOSResultBundleAppTests.iOSResultBundleAppTests testPerformanceExample]' started.\r\/Users\/rd\/r\/XcodeResultBundle\/iOSResultBundleApp\/iOSResultBundleAppTests\/iOSResultBundleAppTests.swift:36: Test Case '-[iOSResultBundleAppTests.iOSResultBundleAppTests testPerformanceExample]' measured [Time, seconds] average: 0.000, relative standard deviation: 112.855%, values: [0.000003, 0.000001, 0.000001, 0.000000, 0.000000, 0.000000, 0.000000, 0.000000, 0.000000, 0.000000], performanceMetricID:com.apple.XCTPerformanceMetric_WallClockTime, baselineName: \"\", baselineAverage: , maxPercentRegression: 10.000%, maxPercentRelativeStandardDeviation: 10.000%, maxRegression: 0.100, maxStandardDeviation: 0.100\rTest Case '-[iOSResultBundleAppTests.iOSResultBundleAppTests testPerformanceExample]' passed (0.296 seconds).\rTest Case '-[iOSResultBundleAppTests.iOSResultBundleAppTests testSuccess]' started.\rTest Case '-[iOSResultBundleAppTests.iOSResultBundleAppTests testSuccess]' passed (0.000 seconds).\rTest Suite 'iOSResultBundleAppTests' failed at 2019-03-31 23:38:04.518.\r\t Executed 3 tests, with 1 failure (0 unexpected) in 0.305 (0.307) seconds\rTest Suite 'iOSResultBundleAppTests.xctest' failed at 2019-03-31 23:38:04.519.\r\t Executed 3 tests, with 1 failure (0 unexpected) in 0.305 (0.308) seconds\rTest Suite 'All tests' failed at 2019-03-31 23:38:04.519.\r\t Executed 3 tests, with 1 failure (0 unexpected) in 0.305 (0.309) seconds\r",
                "timeStartedRecording" : 575764684.21241105,
                "timeStoppedRecording" : 575764684.626477,
                "title" : "Run test suite All tests",
                "uniqueIdentifier" : "B2E6EDD5-23C7-4034-BF6D-BE8C31C6CD9B",
                "wasCancelled" : 0,
                "wasFetchedFromCache" : 0,
                "xcbuildSignature" : ""
              }
            ],
            "subtitle" : "",
            "suiteName" : "",
            "summaryString" : "",
            "testName" : "",
            "testsPassedString" : "2 out of 3 tests passed",
            "text" : "Test Suite 'All tests' started at 2019-03-31 23:38:04.211\rTest Suite 'iOSResultBundleAppTests.xctest' started at 2019-03-31 23:38:04.211\rTest Suite 'iOSResultBundleAppTests' started at 2019-03-31 23:38:04.212\rTest Case '-[iOSResultBundleAppTests.iOSResultBundleAppTests testFail]' started.\r\/Users\/rd\/r\/XcodeResultBundle\/iOSResultBundleApp\/iOSResultBundleAppTests\/iOSResultBundleAppTests.swift:31: error: -[iOSResultBundleAppTests.iOSResultBundleAppTests testFail] : XCTAssertTrue failed\rTest Case '-[iOSResultBundleAppTests.iOSResultBundleAppTests testFail]' failed (0.009 seconds).\rTest Case '-[iOSResultBundleAppTests.iOSResultBundleAppTests testPerformanceExample]' started.\r\/Users\/rd\/r\/XcodeResultBundle\/iOSResultBundleApp\/iOSResultBundleAppTests\/iOSResultBundleAppTests.swift:36: Test Case '-[iOSResultBundleAppTests.iOSResultBundleAppTests testPerformanceExample]' measured [Time, seconds] average: 0.000, relative standard deviation: 112.855%, values: [0.000003, 0.000001, 0.000001, 0.000000, 0.000000, 0.000000, 0.000000, 0.000000, 0.000000, 0.000000], performanceMetricID:com.apple.XCTPerformanceMetric_WallClockTime, baselineName: \"\", baselineAverage: , maxPercentRegression: 10.000%, maxPercentRelativeStandardDeviation: 10.000%, maxRegression: 0.100, maxStandardDeviation: 0.100\rTest Case '-[iOSResultBundleAppTests.iOSResultBundleAppTests testPerformanceExample]' passed (0.296 seconds).\rTest Case '-[iOSResultBundleAppTests.iOSResultBundleAppTests testSuccess]' started.\rTest Case '-[iOSResultBundleAppTests.iOSResultBundleAppTests testSuccess]' passed (0.000 seconds).\rTest Suite 'iOSResultBundleAppTests' failed at 2019-03-31 23:38:04.518.\r\t Executed 3 tests, with 1 failure (0 unexpected) in 0.305 (0.307) seconds\rTest Suite 'iOSResultBundleAppTests.xctest' failed at 2019-03-31 23:38:04.519.\r\t Executed 3 tests, with 1 failure (0 unexpected) in 0.305 (0.308) seconds\rTest Suite 'All tests' failed at 2019-03-31 23:38:04.519.\r\t Executed 3 tests, with 1 failure (0 unexpected) in 0.305 (0.309) seconds\r",
            "timeStartedRecording" : 575764680.77746499,
            "timeStoppedRecording" : 575764684.79745197,
            "title" : "iOSResultBundleApp.app (51717)",
            "uniqueIdentifier" : "BE3122B4-B2A6-426C-AC16-0BC19E76963A",
            "wasCancelled" : 0,
            "wasFetchedFromCache" : 0,
            "xcbuildSignature" : ""
          }
        ],
        "subtitle" : "Destination iPhone XÊ€",
        "suiteName" : "",
        "summaryString" : "",
        "testName" : "",
        "testsPassedString" : "",
        "text" : "",
        "timeStartedRecording" : 575764680.77732801,
        "timeStoppedRecording" : 575764684.79753697,
        "title" : "Test target iOSResultBundleAppTests",
        "uniqueIdentifier" : "E06F3351-7E14-4001-A727-74A7AED69639",
        "wasCancelled" : 0,
        "wasFetchedFromCache" : 0,
        "xcbuildSignature" : ""
      },
      {
        "commandDetailDesc" : "",
        "durationString" : "",
        "isQuiet" : 0,
        "localizedResultString" : "",
        "location" : {

        },
        "messages" : [

        ],
        "performanceTestOutputString" : "",
        "recorder" : "com.apple.dt.unit.cocoaUnitTest",
        "sectionType" : 1,
        "signature" : "Test target iOSResultBundleAppUITests",
        "subsections" : [
          {
            "commandDetailDesc" : "",
            "durationString" : "10.176 seconds",
            "isQuiet" : 0,
            "localizedResultString" : "",
            "location" : {

            },
            "messages" : [

            ],
            "performanceTestOutputString" : "",
            "recorder" : "com.apple.dt.IDE.UnitTestLogSection.Worker",
            "sectionType" : 3,
            "signature" : "",
            "subsections" : [
              {
                "commandDetailDesc" : "",
                "durationString" : "",
                "isQuiet" : 1,
                "localizedResultString" : "",
                "location" : {

                },
                "messages" : [
                  {
                    "additionalDescription" : "",
                    "categoryIdent" : "",
                    "location" : {

                    },
                    "rangeInSectionText" : [
                      -1,
                      0
                    ],
                    "secondaryLocations" : [

                    ],
                    "severity" : 0,
                    "shortTitle" : "",
                    "submessages" : [

                    ],
                    "timeEmitted" : 575764684,
                    "title" : "\/Users\/rd\/Library\/Developer\/Xcode\/DerivedData\/iOSResultBundleApp-ggobyhqubnhyktagaiqqigfarezn\/Build\/Products\/Debug-iphonesimulator\/iOSResultBundleAppUITests-Runner.app",
                    "type" : "com.apple.dt.IDE.UnitTestLogSection.Worker.RunnablePath"
                  },
                  {
                    "additionalDescription" : "",
                    "categoryIdent" : "",
                    "location" : {

                    },
                    "rangeInSectionText" : [
                      -1,
                      0
                    ],
                    "secondaryLocations" : [

                    ],
                    "severity" : 0,
                    "shortTitle" : "",
                    "submessages" : [

                    ],
                    "timeEmitted" : 575764684,
                    "title" : "com.apple.application-bundle",
                    "type" : "com.apple.dt.IDE.UnitTestLogSection.Worker.RunnableUTI"
                  }
                ],
                "performanceTestOutputString" : "",
                "recorder" : "com.apple.dt.IDE.UnitTestLogSection",
                "sectionType" : 3,
                "signature" : "com.apple.dt.XCTest.Metadata",
                "subsections" : [

                ],
                "subtitle" : "",
                "suiteName" : "",
                "summaryString" : "",
                "testName" : "",
                "testsPassedString" : "",
                "text" : "",
                "timeStartedRecording" : 575764684.80400002,
                "timeStoppedRecording" : 575764684.80453598,
                "title" : "com.apple.dt.XCTest.Metadata",
                "uniqueIdentifier" : "59D8D2DF-2A8A-463D-B3A2-5149ADB5A5C0",
                "wasCancelled" : 0,
                "wasFetchedFromCache" : 0,
                "xcbuildSignature" : ""
              },
              {
                "commandDetailDesc" : "\/Users\/rd\/r\/XcodeResultBundle\/iOSResultBundleApp\/CleanAnalyzeTest.result\/3_Test\/Diagnostics\/iOSResultBundleAppUITests-46748D76-6122-43E0-869E-2E87DE82D766\/iOSResultBundleAppUITests-C25D6A03-4022-4E23-8405-E6D81767E9EA\/Session-iOSResultBundleAppUITests-2019-03-31_233804-3nQOnP.log",
                "isQuiet" : 0,
                "localizedResultString" : "",
                "location" : {

                },
                "messages" : [
                  {
                    "additionalDescription" : "",
                    "categoryIdent" : "",
                    "location" : {
                      "characterRange" : [
                        -1,
                        0
                      ],
                      "documentURLString" : "file:\/\/\/Users\/rd\/r\/XcodeResultBundle\/iOSResultBundleApp\/CleanAnalyzeTest.result\/3_Test\/Diagnostics\/iOSResultBundleAppUITests-46748D76-6122-43E0-869E-2E87DE82D766\/iOSResultBundleAppUITests-C25D6A03-4022-4E23-8405-E6D81767E9EA\/Session-iOSResultBundleAppUITests-2019-03-31_233804-3nQOnP.log",
                      "endingColumnNumber" : -1,
                      "endingLineNumber" : -1,
                      "locationEncoding" : 0,
                      "startingColumnNumber" : -1,
                      "startingLineNumber" : -1,
                      "timestamp" : 0
                    },
                    "rangeInSectionText" : [
                      -1,
                      0
                    ],
                    "secondaryLocations" : [

                    ],
                    "severity" : 0,
                    "shortTitle" : "",
                    "submessages" : [

                    ],
                    "timeEmitted" : 575764684,
                    "title" : "\/Users\/rd\/r\/XcodeResultBundle\/iOSResultBundleApp\/CleanAnalyzeTest.result\/3_Test\/Diagnostics\/iOSResultBundleAppUITests-46748D76-6122-43E0-869E-2E87DE82D766\/iOSResultBundleAppUITests-C25D6A03-4022-4E23-8405-E6D81767E9EA\/Session-iOSResultBundleAppUITests-2019-03-31_233804-3nQOnP.log",
                    "type" : "com.apple.dt.unit.cocoaUnitTest"
                  }
                ],
                "recorder" : "com.apple.dt.IDE.UnitTestLogSection",
                "sectionType" : 2,
                "signature" : "Writing diagnostic log for test session. Please attach this log to any test-related bug reports.",
                "subsections" : [

                ],
                "subtitle" : "",
                "text" : "",
                "timeStartedRecording" : 575764684.80402803,
                "timeStoppedRecording" : 575764684.80478096,
                "title" : "Writing diagnostic log for test session. Please attach this log to any test-related bug reports.",
                "uniqueIdentifier" : "022C5428-97CD-4669-B3E3-307255C21E97",
                "wasCancelled" : 0,
                "wasFetchedFromCache" : 0,
                "xcbuildSignature" : ""
              },
              {
                "commandDetailDesc" : "",
                "durationString" : "10.176 seconds",
                "isQuiet" : 0,
                "localizedResultString" : "",
                "location" : {

                },
                "messages" : [

                ],
                "performanceTestOutputString" : "",
                "recorder" : "com.apple.dt.IDE.UnitTestLogSection",
                "sectionType" : 3,
                "signature" : "Run test suite All tests",
                "subsections" : [
                  {
                    "commandDetailDesc" : "",
                    "durationString" : "10.176 seconds",
                    "isQuiet" : 0,
                    "localizedResultString" : "",
                    "location" : {

                    },
                    "messages" : [

                    ],
                    "performanceTestOutputString" : "",
                    "recorder" : "com.apple.dt.IDE.UnitTestLogSection",
                    "sectionType" : 3,
                    "signature" : "Run test suite iOSResultBundleAppUITests.xctest",
                    "subsections" : [
                      {
                        "commandDetailDesc" : "",
                        "durationString" : "10.176 seconds",
                        "isQuiet" : 0,
                        "localizedResultString" : "",
                        "location" : {

                        },
                        "messages" : [

                        ],
                        "performanceTestOutputString" : "",
                        "recorder" : "com.apple.dt.IDE.UnitTestLogSection",
                        "sectionType" : 3,
                        "signature" : "Run test suite iOSResultBundleAppUITests",
                        "subsections" : [
                          {
                            "commandDetailDesc" : "",
                            "durationString" : "4.934 seconds",
                            "isQuiet" : 0,
                            "localizedResultString" : "",
                            "location" : {

                            },
                            "messages" : [
                              {
                                "additionalDescription" : "",
                                "categoryIdent" : "",
                                "location" : {
                                  "characterRange" : [
                                    -1,
                                    0
                                  ],
                                  "documentURLString" : "file:\/\/\/Users\/rd\/r\/XcodeResultBundle\/iOSResultBundleApp\/iOSResultBundleAppUITests\/iOSResultBundleAppUITests.swift",
                                  "endingColumnNumber" : -1,
                                  "endingLineNumber" : 37,
                                  "locationEncoding" : 0,
                                  "startingColumnNumber" : -1,
                                  "startingLineNumber" : 37,
                                  "timestamp" : 0
                                },
                                "rangeInSectionText" : [
                                  -1,
                                  0
                                ],
                                "secondaryLocations" : [

                                ],
                                "severity" : 3,
                                "shortTitle" : "",
                                "submessages" : [

                                ],
                                "timeEmitted" : 575764692,
                                "title" : "failed - fail",
                                "type" : ""
                              }
                            ],
                            "performanceTestOutputString" : "",
                            "recorder" : "com.apple.dt.IDE.UnitTestLogSection",
                            "sectionType" : 3,
                            "signature" : "Run test case testFail()",
                            "subsections" : [

                            ],
                            "subtitle" : "",
                            "suiteName" : "iOSResultBundleAppUITests",
                            "summaryString" : "    t =     4.91s Assertion Failure: iOSResultBundleAppUITests.swift:38: failed - fail\r    t =     4.93s Tear Down\rTest Case '-[iOSResultBundleAppUITests.iOSResultBundleAppUITests testFail]' failed (4.934 seconds).\r",
                            "testName" : "testFail()",
                            "testsPassedString" : "",
                            "text" : "Test Case '-[iOSResultBundleAppUITests.iOSResultBundleAppUITests testFail]' started.\r    t =     0.00s Start Test at 2019-03-31 23:38:07.256\r    t =     0.06s Set Up\r    t =     0.07s     Open dev.roman.iOSResultBundleApp\r    t =     0.09s         Launch dev.roman.iOSResultBundleApp\r    t =     2.73s             Wait for accessibility to load\r    t =     3.59s             Wait for dev.roman.iOSResultBundleApp to idle\r    t =     4.91s Assertion Failure: iOSResultBundleAppUITests.swift:38: failed - fail\r    t =     4.93s Tear Down\rTest Case '-[iOSResultBundleAppUITests.iOSResultBundleAppUITests testFail]' failed (4.934 seconds).\r",
                            "timeStartedRecording" : 575764687.25640905,
                            "timeStoppedRecording" : 575764692.19140804,
                            "title" : "Run test case testFail()",
                            "uniqueIdentifier" : "C8B43861-B6BD-4B59-899A-D337FDD750E8",
                            "wasCancelled" : 0,
                            "wasFetchedFromCache" : 0,
                            "xcbuildSignature" : ""
                          },
                          {
                            "commandDetailDesc" : "",
                            "durationString" : "5.242 seconds",
                            "isQuiet" : 0,
                            "localizedResultString" : "",
                            "location" : {

                            },
                            "messages" : [

                            ],
                            "performanceTestOutputString" : "",
                            "recorder" : "com.apple.dt.IDE.UnitTestLogSection",
                            "sectionType" : 3,
                            "signature" : "Run test case testSuccess()",
                            "subsections" : [

                            ],
                            "subtitle" : "",
                            "suiteName" : "iOSResultBundleAppUITests",
                            "summaryString" : "    t =     0.00s Start Test at 2019-03-31 23:38:12.190\r    t =     0.02s Set Up\r    t =     0.02s     Open dev.roman.iOSResultBundleApp\r    t =     0.04s         Launch dev.roman.iOSResultBundleApp\r    t =     0.04s             Terminate dev.roman.iOSResultBundleApp:51722\r    t =     3.83s             Wait for dev.roman.iOSResultBundleApp to idle\r    t =     5.04s Tear Down\rTest Case '-[iOSResultBundleAppUITests.iOSResultBundleAppUITests testSuccess]' passed (5.242 seconds).\r",
                            "testName" : "testSuccess()",
                            "testsPassedString" : "",
                            "text" : "Test Case '-[iOSResultBundleAppUITests.iOSResultBundleAppUITests testSuccess]' started.\r    t =     0.00s Start Test at 2019-03-31 23:38:12.190\r    t =     0.02s Set Up\r    t =     0.02s     Open dev.roman.iOSResultBundleApp\r    t =     0.04s         Launch dev.roman.iOSResultBundleApp\r    t =     0.04s             Terminate dev.roman.iOSResultBundleApp:51722\r    t =     3.83s             Wait for dev.roman.iOSResultBundleApp to idle\r    t =     5.04s Tear Down\rTest Case '-[iOSResultBundleAppUITests.iOSResultBundleAppUITests testSuccess]' passed (5.242 seconds).\r",
                            "timeStartedRecording" : 575764692.19096303,
                            "timeStoppedRecording" : 575764697.43925798,
                            "title" : "Run test case testSuccess()",
                            "uniqueIdentifier" : "B97FFBC1-5B31-4E41-9166-4793F42F028E",
                            "wasCancelled" : 0,
                            "wasFetchedFromCache" : 0,
                            "xcbuildSignature" : ""
                          }
                        ],
                        "subtitle" : "",
                        "suiteName" : "iOSResultBundleAppUITests",
                        "summaryString" : "Test Suite 'iOSResultBundleAppUITests' failed at 2019-03-31 23:38:17.433.\r\t Executed 2 tests, with 1 failure (0 unexpected) in 10.176 (10.178) seconds\r",
                        "testName" : "",
                        "testsPassedString" : "1 out of 2 tests passed",
                        "text" : "Test Suite 'iOSResultBundleAppUITests' started at 2019-03-31 23:38:07.255\rTest Case '-[iOSResultBundleAppUITests.iOSResultBundleAppUITests testFail]' started.\r    t =     0.00s Start Test at 2019-03-31 23:38:07.256\r    t =     0.06s Set Up\r    t =     0.07s     Open dev.roman.iOSResultBundleApp\r    t =     0.09s         Launch dev.roman.iOSResultBundleApp\r    t =     2.73s             Wait for accessibility to load\r    t =     3.59s             Wait for dev.roman.iOSResultBundleApp to idle\r    t =     4.91s Assertion Failure: iOSResultBundleAppUITests.swift:38: failed - fail\r    t =     4.93s Tear Down\rTest Case '-[iOSResultBundleAppUITests.iOSResultBundleAppUITests testFail]' failed (4.934 seconds).\rTest Case '-[iOSResultBundleAppUITests.iOSResultBundleAppUITests testSuccess]' started.\r    t =     0.00s Start Test at 2019-03-31 23:38:12.190\r    t =     0.02s Set Up\r    t =     0.02s     Open dev.roman.iOSResultBundleApp\r    t =     0.04s         Launch dev.roman.iOSResultBundleApp\r    t =     0.04s             Terminate dev.roman.iOSResultBundleApp:51722\r    t =     3.83s             Wait for dev.roman.iOSResultBundleApp to idle\r    t =     5.04s Tear Down\rTest Case '-[iOSResultBundleAppUITests.iOSResultBundleAppUITests testSuccess]' passed (5.242 seconds).\rTest Suite 'iOSResultBundleAppUITests' failed at 2019-03-31 23:38:17.433.\r\t Executed 2 tests, with 1 failure (0 unexpected) in 10.176 (10.178) seconds\r",
                        "timeStartedRecording" : 575764687.25578797,
                        "timeStoppedRecording" : 575764697.44009304,
                        "title" : "Run test suite iOSResultBundleAppUITests",
                        "uniqueIdentifier" : "670F24E4-7723-4589-8726-9CF1075B66C4",
                        "wasCancelled" : 0,
                        "wasFetchedFromCache" : 0,
                        "xcbuildSignature" : ""
                      }
                    ],
                    "subtitle" : "",
                    "suiteName" : "iOSResultBundleAppUITests.xctest",
                    "summaryString" : "Test Suite 'iOSResultBundleAppUITests.xctest' failed at 2019-03-31 23:38:17.434.\r\t Executed 2 tests, with 1 failure (0 unexpected) in 10.176 (10.179) seconds\r",
                    "testName" : "",
                    "testsPassedString" : "1 out of 2 tests passed",
                    "text" : "Test Suite 'iOSResultBundleAppUITests.xctest' started at 2019-03-31 23:38:07.255\rTest Suite 'iOSResultBundleAppUITests' started at 2019-03-31 23:38:07.255\rTest Case '-[iOSResultBundleAppUITests.iOSResultBundleAppUITests testFail]' started.\r    t =     0.00s Start Test at 2019-03-31 23:38:07.256\r    t =     0.06s Set Up\r    t =     0.07s     Open dev.roman.iOSResultBundleApp\r    t =     0.09s         Launch dev.roman.iOSResultBundleApp\r    t =     2.73s             Wait for accessibility to load\r    t =     3.59s             Wait for dev.roman.iOSResultBundleApp to idle\r    t =     4.91s Assertion Failure: iOSResultBundleAppUITests.swift:38: failed - fail\r    t =     4.93s Tear Down\rTest Case '-[iOSResultBundleAppUITests.iOSResultBundleAppUITests testFail]' failed (4.934 seconds).\rTest Case '-[iOSResultBundleAppUITests.iOSResultBundleAppUITests testSuccess]' started.\r    t =     0.00s Start Test at 2019-03-31 23:38:12.190\r    t =     0.02s Set Up\r    t =     0.02s     Open dev.roman.iOSResultBundleApp\r    t =     0.04s         Launch dev.roman.iOSResultBundleApp\r    t =     0.04s             Terminate dev.roman.iOSResultBundleApp:51722\r    t =     3.83s             Wait for dev.roman.iOSResultBundleApp to idle\r    t =     5.04s Tear Down\rTest Case '-[iOSResultBundleAppUITests.iOSResultBundleAppUITests testSuccess]' passed (5.242 seconds).\rTest Suite 'iOSResultBundleAppUITests' failed at 2019-03-31 23:38:17.433.\r\t Executed 2 tests, with 1 failure (0 unexpected) in 10.176 (10.178) seconds\rTest Suite 'iOSResultBundleAppUITests.xctest' failed at 2019-03-31 23:38:17.434.\r\t Executed 2 tests, with 1 failure (0 unexpected) in 10.176 (10.179) seconds\r",
                    "timeStartedRecording" : 575764687.25547099,
                    "timeStoppedRecording" : 575764697.44053102,
                    "title" : "Run test suite iOSResultBundleAppUITests.xctest",
                    "uniqueIdentifier" : "E4C62AFF-E27C-477D-BCB1-FDAAF225C4C3",
                    "wasCancelled" : 0,
                    "wasFetchedFromCache" : 0,
                    "xcbuildSignature" : ""
                  }
                ],
                "subtitle" : "",
                "suiteName" : "All tests",
                "summaryString" : "Test Suite 'All tests' failed at 2019-03-31 23:38:17.434.\r\t Executed 2 tests, with 1 failure (0 unexpected) in 10.176 (10.180) seconds\r",
                "testName" : "",
                "testsPassedString" : "1 out of 2 tests passed",
                "text" : "2019-03-31 23:38:06.216837+0100 iOSResultBundleAppUITests-Runner[51718:9374133] Running tests...\r2019-03-31 23:38:06.448851+0100 iOSResultBundleAppUITests-Runner[51718:9374133] [AXMediaCommon] Unable to look up screen scale\r2019-03-31 23:38:06.448951+0100 iOSResultBundleAppUITests-Runner[51718:9374133] [AXMediaCommon] Unexpected physical screen orientation\r2019-03-31 23:38:06.462520+0100 iOSResultBundleAppUITests-Runner[51718:9374133] [AXMediaCommon] Unable to look up screen scale\r2019-03-31 23:38:06.465519+0100 iOSResultBundleAppUITests-Runner[51718:9374133] [AXMediaCommon] Unable to look up screen scale\r2019-03-31 23:38:06.465593+0100 iOSResultBundleAppUITests-Runner[51718:9374133] [AXMediaCommon] Unexpected physical screen orientation\rTest Suite 'All tests' started at 2019-03-31 23:38:07.254\rTest Suite 'iOSResultBundleAppUITests.xctest' started at 2019-03-31 23:38:07.255\rTest Suite 'iOSResultBundleAppUITests' started at 2019-03-31 23:38:07.255\rTest Case '-[iOSResultBundleAppUITests.iOSResultBundleAppUITests testFail]' started.\r    t =     0.00s Start Test at 2019-03-31 23:38:07.256\r    t =     0.06s Set Up\r    t =     0.07s     Open dev.roman.iOSResultBundleApp\r    t =     0.09s         Launch dev.roman.iOSResultBundleApp\r    t =     2.73s             Wait for accessibility to load\r    t =     3.59s             Wait for dev.roman.iOSResultBundleApp to idle\r    t =     4.91s Assertion Failure: iOSResultBundleAppUITests.swift:38: failed - fail\r    t =     4.93s Tear Down\rTest Case '-[iOSResultBundleAppUITests.iOSResultBundleAppUITests testFail]' failed (4.934 seconds).\rTest Case '-[iOSResultBundleAppUITests.iOSResultBundleAppUITests testSuccess]' started.\r    t =     0.00s Start Test at 2019-03-31 23:38:12.190\r    t =     0.02s Set Up\r    t =     0.02s     Open dev.roman.iOSResultBundleApp\r    t =     0.04s         Launch dev.roman.iOSResultBundleApp\r    t =     0.04s             Terminate dev.roman.iOSResultBundleApp:51722\r    t =     3.83s             Wait for dev.roman.iOSResultBundleApp to idle\r    t =     5.04s Tear Down\rTest Case '-[iOSResultBundleAppUITests.iOSResultBundleAppUITests testSuccess]' passed (5.242 seconds).\rTest Suite 'iOSResultBundleAppUITests' failed at 2019-03-31 23:38:17.433.\r\t Executed 2 tests, with 1 failure (0 unexpected) in 10.176 (10.178) seconds\rTest Suite 'iOSResultBundleAppUITests.xctest' failed at 2019-03-31 23:38:17.434.\r\t Executed 2 tests, with 1 failure (0 unexpected) in 10.176 (10.179) seconds\rTest Suite 'All tests' failed at 2019-03-31 23:38:17.434.\r\t Executed 2 tests, with 1 failure (0 unexpected) in 10.176 (10.180) seconds\r",
                "timeStartedRecording" : 575764687.25504994,
                "timeStoppedRecording" : 575764697.54209495,
                "title" : "Run test suite All tests",
                "uniqueIdentifier" : "AC434937-23AF-420E-BC51-D102FAE3DB89",
                "wasCancelled" : 0,
                "wasFetchedFromCache" : 0,
                "xcbuildSignature" : ""
              }
            ],
            "subtitle" : "",
            "suiteName" : "",
            "summaryString" : "",
            "testName" : "",
            "testsPassedString" : "1 out of 2 tests passed",
            "text" : "2019-03-31 23:38:06.216837+0100 iOSResultBundleAppUITests-Runner[51718:9374133] Running tests...\r2019-03-31 23:38:06.448851+0100 iOSResultBundleAppUITests-Runner[51718:9374133] [AXMediaCommon] Unable to look up screen scale\r2019-03-31 23:38:06.448951+0100 iOSResultBundleAppUITests-Runner[51718:9374133] [AXMediaCommon] Unexpected physical screen orientation\r2019-03-31 23:38:06.462520+0100 iOSResultBundleAppUITests-Runner[51718:9374133] [AXMediaCommon] Unable to look up screen scale\r2019-03-31 23:38:06.465519+0100 iOSResultBundleAppUITests-Runner[51718:9374133] [AXMediaCommon] Unable to look up screen scale\r2019-03-31 23:38:06.465593+0100 iOSResultBundleAppUITests-Runner[51718:9374133] [AXMediaCommon] Unexpected physical screen orientation\rTest Suite 'All tests' started at 2019-03-31 23:38:07.254\rTest Suite 'iOSResultBundleAppUITests.xctest' started at 2019-03-31 23:38:07.255\rTest Suite 'iOSResultBundleAppUITests' started at 2019-03-31 23:38:07.255\rTest Case '-[iOSResultBundleAppUITests.iOSResultBundleAppUITests testFail]' started.\r    t =     0.00s Start Test at 2019-03-31 23:38:07.256\r    t =     0.06s Set Up\r    t =     0.07s     Open dev.roman.iOSResultBundleApp\r    t =     0.09s         Launch dev.roman.iOSResultBundleApp\r    t =     2.73s             Wait for accessibility to load\r    t =     3.59s             Wait for dev.roman.iOSResultBundleApp to idle\r    t =     4.91s Assertion Failure: iOSResultBundleAppUITests.swift:38: failed - fail\r    t =     4.93s Tear Down\rTest Case '-[iOSResultBundleAppUITests.iOSResultBundleAppUITests testFail]' failed (4.934 seconds).\rTest Case '-[iOSResultBundleAppUITests.iOSResultBundleAppUITests testSuccess]' started.\r    t =     0.00s Start Test at 2019-03-31 23:38:12.190\r    t =     0.02s Set Up\r    t =     0.02s     Open dev.roman.iOSResultBundleApp\r    t =     0.04s         Launch dev.roman.iOSResultBundleApp\r    t =     0.04s             Terminate dev.roman.iOSResultBundleApp:51722\r    t =     3.83s             Wait for dev.roman.iOSResultBundleApp to idle\r    t =     5.04s Tear Down\rTest Case '-[iOSResultBundleAppUITests.iOSResultBundleAppUITests testSuccess]' passed (5.242 seconds).\rTest Suite 'iOSResultBundleAppUITests' failed at 2019-03-31 23:38:17.433.\r\t Executed 2 tests, with 1 failure (0 unexpected) in 10.176 (10.178) seconds\rTest Suite 'iOSResultBundleAppUITests.xctest' failed at 2019-03-31 23:38:17.434.\r\t Executed 2 tests, with 1 failure (0 unexpected) in 10.176 (10.179) seconds\rTest Suite 'All tests' failed at 2019-03-31 23:38:17.434.\r\t Executed 2 tests, with 1 failure (0 unexpected) in 10.176 (10.180) seconds\r",
            "timeStartedRecording" : 575764684.80399001,
            "timeStoppedRecording" : 575764697.70842803,
            "title" : "iOSResultBundleAppUITests-Runner.app (51718)",
            "uniqueIdentifier" : "BE8D09D5-1586-46BC-AF95-460CA9B1A372",
            "wasCancelled" : 0,
            "wasFetchedFromCache" : 0,
            "xcbuildSignature" : ""
          }
        ],
        "subtitle" : "Destination iPhone XÊ€",
        "suiteName" : "",
        "summaryString" : "",
        "testName" : "",
        "testsPassedString" : "",
        "text" : "",
        "timeStartedRecording" : 575764684.80390894,
        "timeStoppedRecording" : 575764697.70851696,
        "title" : "Test target iOSResultBundleAppUITests",
        "uniqueIdentifier" : "92BAB4FC-6617-48C6-8A02-2FD465D05D7B",
        "wasCancelled" : 0,
        "wasFetchedFromCache" : 0,
        "xcbuildSignature" : ""
      }
    ],
    "subtitle" : "",
    "text" : "",
    "timeStartedRecording" : 575764677.92050695,
    "timeStoppedRecording" : 575764700.00481498,
    "title" : "Test iOSResultBundleApp",
    "uniqueIdentifier" : "CCADEA60-FC60-42F3-B6AE-9BDA7560952A",
    "wasCancelled" : 0,
    "wasFetchedFromCache" : 0,
    "xcbuildSignature" : ""
  },
  "version" : 10
}